<?xml version="1.0" encoding="UTF-8"?>
<!-- Generated by org.testng.reporters.JUnitReportReporter -->
<testsuite hostname="Shraddha" failures="0" tests="1" name="testBase.TestBase" time="0.009" errors="0" timestamp="2022-11-02T20:27:07 IST" skipped="0">
  <testcase classname="testBase.TestBase" name="test1" time="0.009"/>
  <system-out/>
</testsuite> <!-- testBase.TestBase -->
